<?xml version="1.0" encoding="UTF-8"?>
<!-- Generated by org.testng.reporters.JUnitReportReporter -->
<testsuite skipped="0" hostname="DESKTOP-8HOC27L" name="basicAnnotations.TestingClass2" tests="8" failures="0" timestamp="2019-10-11T20:49:01 IST" time="0.049" errors="0">
  <testcase name="testCase2" time="0.009" classname="basicAnnotations.TestingClass2"/>
  <testcase name="testCase2" time="0.010" classname="basicAnnotations.TestingClass2"/>
  <testcase name="testCase1" time="0.006" classname="basicAnnotations.TestingClass2"/>
  <testcase name="testCase4" time="0.004" classname="basicAnnotations.TestingClass2"/>
  <testcase name="testCase4" time="0.006" classname="basicAnnotations.TestingClass2"/>
  <testcase name="testCase3" time="0.007" classname="basicAnnotations.TestingClass2"/>
  <testcase name="testCase1" time="0.002" classname="basicAnnotations.TestingClass2"/>
  <testcase name="testCase3" time="0.005" classname="basicAnnotations.TestingClass2"/>
</testsuite> <!-- basicAnnotations.TestingClass2 -->
