<?xml version="1.0" encoding="UTF-8"?>
<!-- Generated by org.testng.reporters.JUnitReportReporter -->
<testsuite skipped="0" hostname="DESKTOP-8HOC27L" name="basicAnnotations.TestNGClass1" tests="6" failures="0" timestamp="2019-10-11T20:49:01 IST" time="0.048" errors="0">
  <testcase name="test3" time="0.017" classname="basicAnnotations.TestNGClass1"/>
  <testcase name="test3" time="0.005" classname="basicAnnotations.TestNGClass1"/>
  <testcase name="test1" time="0.008" classname="basicAnnotations.TestNGClass1"/>
  <testcase name="test1" time="0.007" classname="basicAnnotations.TestNGClass1"/>
  <testcase name="test2" time="0.005" classname="basicAnnotations.TestNGClass1"/>
  <testcase name="test2" time="0.006" classname="basicAnnotations.TestNGClass1"/>
</testsuite> <!-- basicAnnotations.TestNGClass1 -->
