<?xml version="1.0" encoding="UTF-8"?>
<!-- Generated by org.testng.reporters.JUnitReportReporter -->
<testsuite skipped="0" hostname="DESKTOP-8HOC27L" name="dataProvider.TestDataProvider1" tests="3" failures="0" timestamp="2019-10-11T21:10:16 IST" time="0.015" errors="0">
  <testcase name="login" time="0.000" classname="dataProvider.TestDataProvider1"/>
  <testcase name="login" time="0.000" classname="dataProvider.TestDataProvider1"/>
  <testcase name="login" time="0.015" classname="dataProvider.TestDataProvider1"/>
</testsuite> <!-- dataProvider.TestDataProvider1 -->
