<?xml version="1.0" encoding="UTF-8"?>
<!-- Generated by org.testng.reporters.JUnitReportReporter -->
<testsuite skipped="0" hostname="DESKTOP-8HOC27L" name="BasicSelenium.BasicSelenium3" tests="1" failures="0" timestamp="2019-10-15T21:39:33 IST" time="28.373" errors="0">
  <testcase name="test" time="28.373" classname="BasicSelenium.BasicSelenium3"/>
</testsuite> <!-- BasicSelenium.BasicSelenium3 -->
