<?xml version="1.0" encoding="UTF-8"?>
<!-- Generated by org.testng.reporters.JUnitReportReporter -->
<testsuite skipped="0" hostname="DESKTOP-8HOC27L" name="BasicSelenium.SeleniumClass1" tests="1" failures="0" timestamp="2019-10-15T20:47:19 IST" time="86.679" errors="0">
  <testcase name="login" time="86.679" classname="BasicSelenium.SeleniumClass1"/>
</testsuite> <!-- BasicSelenium.SeleniumClass1 -->
