<?xml version="1.0" encoding="UTF-8"?>
<!-- Generated by org.testng.reporters.JUnitReportReporter -->
<testsuite skipped="0" hostname="DESKTOP-8HOC27L" name="BasicSelenium.SeleniumClass1" tests="1" failures="0" timestamp="2019-10-11T21:46:10 IST" time="14.078" errors="0">
  <testcase name="login" time="14.078" classname="BasicSelenium.SeleniumClass1"/>
</testsuite> <!-- BasicSelenium.SeleniumClass1 -->
