<?xml version="1.0" encoding="UTF-8"?>
<!-- Generated by org.testng.reporters.JUnitReportReporter -->
<testsuite skipped="0" hostname="DESKTOP-8HOC27L" name="BasicSelenium.AutomateWebTable" tests="1" failures="0" timestamp="2019-10-16T20:28:38 IST" time="12.205" errors="0">
  <testcase name="test" time="12.205" classname="BasicSelenium.AutomateWebTable"/>
</testsuite> <!-- BasicSelenium.AutomateWebTable -->
