<?xml version="1.0" encoding="UTF-8"?>
<!-- Generated by org.testng.reporters.JUnitReportReporter -->
<testsuite skipped="0" hostname="DESKTOP-8HOC27L" name="BasicSelenium.scroll" tests="1" failures="0" timestamp="2019-10-16T21:00:20 IST" time="7.637" errors="0">
  <testcase name="test" time="7.637" classname="BasicSelenium.scroll"/>
</testsuite> <!-- BasicSelenium.scroll -->
