<?xml version="1.0" encoding="UTF-8"?>
<!-- Generated by org.testng.reporters.JUnitReportReporter -->
<testsuite skipped="0" hostname="DESKTOP-8HOC27L" name="BasicSelenium.ComboBox" tests="1" failures="0" timestamp="2019-10-16T20:42:06 IST" time="6.395" errors="0">
  <testcase name="test" time="6.395" classname="BasicSelenium.ComboBox"/>
</testsuite> <!-- BasicSelenium.ComboBox -->
