<?xml version="1.0" encoding="UTF-8"?>
<!-- Generated by org.testng.reporters.JUnitReportReporter -->
<testsuite skipped="0" hostname="DESKTOP-8HOC27L" name="BasicSelenium.BasicSelenium4" tests="1" failures="0" timestamp="2019-10-15T21:49:37 IST" time="9.314" errors="0">
  <testcase name="test" time="9.314" classname="BasicSelenium.BasicSelenium4"/>
</testsuite> <!-- BasicSelenium.BasicSelenium4 -->
