<?xml version="1.0" encoding="UTF-8"?>
<!-- Generated by org.testng.reporters.JUnitReportReporter -->
<testsuite skipped="0" hostname="DESKTOP-8HOC27L" name="AdvanceSelenium.MouseHavor" tests="1" failures="0" timestamp="2019-10-18T21:11:34 IST" time="30.513" errors="0">
  <testcase name="test" time="30.513" classname="AdvanceSelenium.MouseHavor"/>
</testsuite> <!-- AdvanceSelenium.MouseHavor -->
