<?xml version="1.0" encoding="UTF-8"?>
<!-- Generated by org.testng.reporters.JUnitReportReporter -->
<testsuite skipped="0" hostname="DESKTOP-8HOC27L" name="testScripts.TC_FlightBooking_Login" tests="2" failures="0" timestamp="2019-10-21T22:02:24 IST" time="15.404" errors="0">
  <testcase name="loginTest" time="12.677" classname="testScripts.TC_FlightBooking_Login"/>
  <testcase name="logoutTest" time="2.727" classname="testScripts.TC_FlightBooking_Login"/>
</testsuite> <!-- testScripts.TC_FlightBooking_Login -->
