<?xml version="1.0" encoding="UTF-8"?>
<!-- Generated by org.testng.reporters.JUnitReportReporter -->
<testsuite skipped="0" hostname="DESKTOP-8HOC27L" name="testScripts.TC_FlightBooking_LoginWithMultipleDataSets" tests="2" failures="0" timestamp="2019-10-21T22:02:24 IST" time="27.212" errors="0">
  <testcase name="loginTest" time="11.346" classname="testScripts.TC_FlightBooking_LoginWithMultipleDataSets"/>
  <testcase name="loginTest" time="15.866" classname="testScripts.TC_FlightBooking_LoginWithMultipleDataSets"/>
</testsuite> <!-- testScripts.TC_FlightBooking_LoginWithMultipleDataSets -->
